<?xml version="1.0" encoding="UTF-8"?>
<!-- Generated by org.testng.reporters.JUnitReportReporter -->
<testsuite hostname="DESKTOP-6QAFHUB" failures="0" tests="1" name="seleniumtests.CrossBrowser_Test1" time="32.093" errors="0" timestamp="2024-07-10T17:58:51 IST" skipped="0">
  <testcase classname="seleniumtests.CrossBrowser_Test1" name="LaunchBrowser" time="32.093"/>
  <system-out>
    <![CDATA[ChromeTitle : DEMOQA]]>
  </system-out>
</testsuite> <!-- seleniumtests.CrossBrowser_Test1 -->
