<?xml version="1.0" encoding="UTF-8"?>
<!-- Generated by org.testng.reporters.JUnitReportReporter -->
<testsuite hostname="DESKTOP-6QAFHUB" failures="0" tests="1" name="seleniumtests.Selenium_SwitchToCommand_Assignment" time="80.870" errors="0" timestamp="2024-07-10T17:58:51 IST" skipped="0">
  <testcase classname="seleniumtests.Selenium_SwitchToCommand_Assignment" name="SwitchToCommands" time="80.870"/>
  <system-out>
    <![CDATA[Test is : false
currentTitle is W3Schools Tryit Editor
Closing Popup: W3Schools Tryit Editor
Title : W3Schools Tryit Editor
currentTitle is W3Schools Online Web Tutorials
Closing Popup: W3Schools Online Web Tutorials
Title : W3Schools Online Web Tutorials]]>
  </system-out>
</testsuite> <!-- seleniumtests.Selenium_SwitchToCommand_Assignment -->
