<?xml version="1.0" encoding="UTF-8"?>
<!-- Generated by org.testng.reporters.JUnitReportReporter -->
<testsuite hostname="DESKTOP-6QAFHUB" failures="0" tests="1" name="seleniumtests.DemoQaSubmitFormTest" time="33.385" errors="0" timestamp="2024-07-09T22:51:49 IST" skipped="0">
  <testcase classname="seleniumtests.DemoQaSubmitFormTest" name="SubmitForm" time="33.385"/>
  <system-out>
    <![CDATA[Sai Prakash
saiprakash.m1896@gmail.com
Pune
USA
name]]>
  </system-out>
</testsuite> <!-- seleniumtests.DemoQaSubmitFormTest -->
