<?xml version="1.0" encoding="UTF-8"?>
<!-- Generated by org.testng.reporters.JUnitReportReporter -->
<testsuite hostname="DESKTOP-6QAFHUB" failures="0" tests="1" name="seleniumtests.Selenium_Alerts_Tests_SimpleAlerts" time="52.569" errors="0" timestamp="2024-07-10T17:58:51 IST" skipped="0">
  <testcase classname="seleniumtests.Selenium_Alerts_Tests_SimpleAlerts" name="SimpleAlert" time="52.569"/>
  <system-out>
    <![CDATA[Page Title : DEMOQA
Alert message is : You clicked a button
Test is Passed]]>
  </system-out>
</testsuite> <!-- seleniumtests.Selenium_Alerts_Tests_SimpleAlerts -->
