<?xml version="1.0" encoding="UTF-8"?>
<!-- Generated by org.testng.reporters.JUnitReportReporter -->
<testsuite hostname="DESKTOP-6QAFHUB" failures="0" tests="2" name="seleniumtests.TestNG_Tests" time="0.032" errors="0" timestamp="2024-07-09T22:22:36 IST" skipped="0">
  <testcase classname="seleniumtests.TestNG_Tests" name="login" time="0.003"/>
  <system-out>
    <![CDATA[Login is Successfull]]>
  </system-out>
  <testcase classname="seleniumtests.TestNG_Tests" name="CreateTicket" time="0.029"/>
  <system-out>
    <![CDATA[Created ticked Successfully]]>
  </system-out>
</testsuite> <!-- seleniumtests.TestNG_Tests -->
