<?xml version="1.0" encoding="UTF-8"?>
<!-- Generated by org.testng.reporters.JUnitReportReporter -->
<testsuite hostname="DESKTOP-6QAFHUB" failures="0" tests="1" name="seleniumtests.CrossBrowser_Test2" time="26.771" errors="0" timestamp="2024-07-09T22:44:05 IST" skipped="0">
  <testcase classname="seleniumtests.CrossBrowser_Test2" name="LaunchEdgeBrowser" time="26.771"/>
  <system-out>
    <![CDATA[EdgeTitle : DEMOQA]]>
  </system-out>
</testsuite> <!-- seleniumtests.CrossBrowser_Test2 -->
