<?xml version="1.0" encoding="UTF-8"?>
<!-- Generated by org.testng.reporters.JUnitReportReporter -->
<testsuite hostname="DESKTOP-6QAFHUB" failures="0" tests="1" name="seleniumtests.Selenium_Alerts_Tests_ConfirmationAlerts" time="47.722" errors="0" timestamp="2024-07-09T23:09:37 IST" skipped="0">
  <testcase classname="seleniumtests.Selenium_Alerts_Tests_ConfirmationAlerts" name="ConfirmAlerts" time="47.722"/>
  <system-out>
    <![CDATA[Browser is Launching 
Browser launched Successfully
Performing the Title before executing
Getting the current browser Title
Page Title : DEMOQA
Finding the element
Element found Successfully
Clicking on the WebElement
Clicked on WebElement Successfully
Alert Popup is Arriving
Alert Popup Successfully Arrived
Alert message is : Do you confirm action?
Alert Popup is Arriving
Alert Popup Successfully Arrived
Accepting the Alert
Accepted the Alert Successfully
Finding the element
Element found Successfully
Alert message1 is : You selected Ok
Closing the Browser
Browser Closed Successfully]]>
  </system-out>
</testsuite> <!-- seleniumtests.Selenium_Alerts_Tests_ConfirmationAlerts -->
